\BOOKMARK [1][-]{section.1}{\376\377\000I\000n\000t\000r\000o\000d\000u\000c\000t\000i\000o\000n}{}% 1
\BOOKMARK [1][-]{section.2}{\376\377\000L\000i\000t\000e\000r\000a\000t\000u\000r\000e\000\040\000R\000e\000v\000i\000e\000w}{}% 2
\BOOKMARK [2][-]{subsection.2.1}{\376\377\000F\000a\000i\000r\000\040\000D\000i\000s\000c\000l\000o\000s\000u\000r\000e\000\040\000R\000e\000g\000u\000l\000a\000t\000i\000o\000n}{section.2}% 3
\BOOKMARK [2][-]{subsection.2.2}{\376\377\000P\000r\000e\000-\000A\000n\000n\000o\000u\000n\000c\000e\000m\000e\000n\000t\000\040\000R\000e\000t\000u\000r\000n\000s\000\040\000a\000n\000d\000\040\000I\000n\000f\000o\000r\000m\000a\000t\000i\000o\000n\000\040\000L\000e\000a\000k\000a\000g\000e}{section.2}% 4
\BOOKMARK [2][-]{subsection.2.3}{\376\377\000K\000o\000r\000e\000a\000n\000\040\000M\000a\000r\000k\000e\000t\000\040\000C\000o\000n\000t\000e\000x\000t}{section.2}% 5
\BOOKMARK [1][-]{section.3}{\376\377\000D\000a\000t\000a\000\040\000a\000n\000d\000\040\000M\000e\000t\000h\000o\000d\000o\000l\000o\000g\000y}{}% 6
\BOOKMARK [2][-]{subsection.3.1}{\376\377\000D\000a\000t\000a\000\040\000S\000o\000u\000r\000c\000e\000s}{section.3}% 7
\BOOKMARK [2][-]{subsection.3.2}{\376\377\000E\000v\000e\000n\000t\000\040\000S\000t\000u\000d\000y\000\040\000M\000e\000t\000h\000o\000d\000o\000l\000o\000g\000y}{section.3}% 8
\BOOKMARK [2][-]{subsection.3.3}{\376\377\000A\000b\000n\000o\000r\000m\000a\000l\000\040\000V\000o\000l\000u\000m\000e}{section.3}% 9
\BOOKMARK [1][-]{section.4}{\376\377\000E\000m\000p\000i\000r\000i\000c\000a\000l\000\040\000R\000e\000s\000u\000l\000t\000s}{}% 10
\BOOKMARK [2][-]{subsection.4.1}{\376\377\000P\000r\000e\000-\000D\000i\000s\000c\000l\000o\000s\000u\000r\000e\000\040\000P\000r\000i\000c\000e\000\040\000D\000i\000s\000c\000o\000v\000e\000r\000y}{section.4}% 11
\BOOKMARK [2][-]{subsection.4.2}{\376\377\000A\000b\000n\000o\000r\000m\000a\000l\000\040\000T\000r\000a\000d\000i\000n\000g\000\040\000V\000o\000l\000u\000m\000e}{section.4}% 12
\BOOKMARK [2][-]{subsection.4.3}{\376\377\000T\000e\000m\000p\000o\000r\000a\000l\000\040\000D\000y\000n\000a\000m\000i\000c\000s}{section.4}% 13
\BOOKMARK [2][-]{subsection.4.4}{\376\377\000Q\000u\000a\000r\000t\000e\000r\000l\000y\000\040\000P\000a\000t\000t\000e\000r\000n\000s}{section.4}% 14
\BOOKMARK [1][-]{section.5}{\376\377\000D\000i\000s\000c\000u\000s\000s\000i\000o\000n}{}% 15
\BOOKMARK [2][-]{subsection.5.1}{\376\377\000E\000v\000i\000d\000e\000n\000c\000e\000\040\000o\000f\000\040\000P\000r\000e\000-\000D\000i\000s\000c\000l\000o\000s\000u\000r\000e\000\040\000I\000n\000f\000o\000r\000m\000a\000t\000i\000o\000n\000\040\000L\000e\000a\000k\000a\000g\000e}{section.5}% 16
\BOOKMARK [2][-]{subsection.5.2}{\376\377\000S\000t\000r\000u\000c\000t\000u\000r\000a\000l\000\040\000S\000h\000i\000f\000t\000\040\000A\000c\000r\000o\000s\000s\000\040\000Y\000e\000a\000r\000s}{section.5}% 17
\BOOKMARK [2][-]{subsection.5.3}{\376\377\000P\000o\000l\000i\000c\000y\000\040\000I\000m\000p\000l\000i\000c\000a\000t\000i\000o\000n\000s}{section.5}% 18
\BOOKMARK [2][-]{subsection.5.4}{\376\377\000L\000i\000m\000i\000t\000a\000t\000i\000o\000n\000s}{section.5}% 19
\BOOKMARK [1][-]{section.6}{\376\377\000C\000o\000n\000c\000l\000u\000s\000i\000o\000n}{}% 20
